<?xml version="1.0" encoding="UTF-8"?>
<!-- Generated by org.testng.reporters.JUnitReportReporter -->
<testsuite hostname="DESKTOP-MP46UDD" failures="0" tests="1" name="com.IPEX.testcasesForMailedCaseCreateCollectiveInvoice.AdminReportSendForMailedCase" time="87.169" errors="0" timestamp="2024-10-07T12:00:49 BDT" skipped="0">
  <testcase classname="com.IPEX.testcasesForMailedCaseCreateCollectiveInvoice.AdminReportSendForMailedCase" name="adminSendInvoice" time="87.169"/>
  <system-out/>
</testsuite> <!-- com.IPEX.testcasesForMailedCaseCreateCollectiveInvoice.AdminReportSendForMailedCase -->
