<?xml version="1.0" encoding="UTF-8"?>
<!-- Generated by org.testng.reporters.JUnitReportReporter -->
<testsuite hostname="DESKTOP-MP46UDD" failures="0" tests="1" name="com.IPEX.testcasesForCaseCreate.InspectorActionManualCase" time="105.776" errors="0" timestamp="2024-09-16T09:08:41 BDT" skipped="0">
  <testcase classname="com.IPEX.testcasesForCaseCreate.InspectorActionManualCase" name="InspectorAction" time="105.776"/>
  <system-out/>
</testsuite> <!-- com.IPEX.testcasesForCaseCreate.InspectorActionManualCase -->
