<?xml version="1.0" encoding="UTF-8"?>
<!-- Generated by org.testng.reporters.JUnitReportReporter -->
<testsuite hostname="DESKTOP-MP46UDD" failures="0" tests="2" name="com.IPEX.testcasesForUploadCaseSingleInvoice.CaseCenterSingleInvoiceCase" time="42.799" errors="0" timestamp="2024-10-08T10:00:33 BDT" skipped="0">
  <testcase classname="com.IPEX.testcasesForUploadCaseSingleInvoice.CaseCenterSingleInvoiceCase" name="createManualCase" time="28.396"/>
  <system-out/>
  <testcase classname="com.IPEX.testcasesForUploadCaseSingleInvoice.CaseCenterSingleInvoiceCase" name="AdminloginPerform" time="14.403"/>
  <system-out/>
</testsuite> <!-- com.IPEX.testcasesForUploadCaseSingleInvoice.CaseCenterSingleInvoiceCase -->
