<?xml version="1.0" encoding="UTF-8"?>
<!-- Generated by org.testng.reporters.JUnitReportReporter -->
<testsuite hostname="DESKTOP-MP46UDD" failures="0" tests="1" name="com.WMC.testcasesCalender.AddCalender" time="0.000" errors="0" timestamp="2024-06-13T01:35:00 BDT" skipped="1">
  <testcase classname="com.WMC.testcasesCalender.AddCalender" name="goCalenderPage" time="0.000">
    <skipped/>
  </testcase> <!-- goCalenderPage -->
  <system-out/>
</testsuite> <!-- com.WMC.testcasesCalender.AddCalender -->
