<?xml version="1.0" encoding="UTF-8"?>
<!-- Generated by org.testng.reporters.JUnitReportReporter -->
<testsuite hostname="DESKTOP-MP46UDD" failures="0" tests="1" name="com.IPEX.testcasesForMailedCaseCreateCollectiveInvoice.MailedCaseCI" time="92.400" errors="0" timestamp="2024-11-03T23:43:38 BDT" skipped="0">
  <testcase classname="com.IPEX.testcasesForMailedCaseCreateCollectiveInvoice.MailedCaseCI" name="createManualCase" time="92.400"/>
  <system-out/>
</testsuite> <!-- com.IPEX.testcasesForMailedCaseCreateCollectiveInvoice.MailedCaseCI -->
