<?xml version="1.0" encoding="UTF-8"?>
<!-- Generated by org.testng.reporters.JUnitReportReporter -->
<testsuite hostname="DESKTOP-MP46UDD" failures="0" tests="1" name="com.IPEX.testcasesFileConvert.UpCaseFileConvert" time="14.344" errors="0" timestamp="2024-11-04T11:18:25 BDT" skipped="0">
  <testcase classname="com.IPEX.testcasesFileConvert.UpCaseFileConvert" name="createManualCase" time="14.344"/>
  <system-out/>
</testsuite> <!-- com.IPEX.testcasesFileConvert.UpCaseFileConvert -->
