<?xml version="1.0" encoding="UTF-8"?>
<!-- Generated by org.testng.reporters.JUnitReportReporter -->
<testsuite hostname="DESKTOP-MP46UDD" failures="0" tests="1" name="com.IPEX.testcasesForManualCaseCreateCollectiveInvoice.InspectorActionManualCase" time="0.008" errors="0" timestamp="2024-10-07T20:31:11 BDT" skipped="0">
  <testcase classname="com.IPEX.testcasesForManualCaseCreateCollectiveInvoice.InspectorActionManualCase" name="InspectorAction" time="0.008"/>
  <system-out/>
</testsuite> <!-- com.IPEX.testcasesForManualCaseCreateCollectiveInvoice.InspectorActionManualCase -->
