<?xml version="1.0" encoding="UTF-8"?>
<!-- Generated by org.testng.reporters.JUnitReportReporter -->
<testsuite hostname="DESKTOP-MP46UDD" failures="0" tests="1" name="practice.integrateReport" time="8.242" errors="0" timestamp="2024-07-15T23:35:55 BDT" skipped="0">
  <testcase classname="practice.integrateReport" name="inteReport" time="8.242"/>
  <system-out/>
</testsuite> <!-- practice.integrateReport -->
