<?xml version="1.0" encoding="UTF-8"?>
<!-- Generated by org.testng.reporters.JUnitReportReporter -->
<testsuite hostname="DESKTOP-MP46UDD" failures="0" tests="1" name="com.IPEX.testcasesForMailedCaseCreateCollectiveInvoice.AdminReportSendForMailedCase" time="87.395" errors="0" timestamp="2024-11-03T23:43:38 BDT" skipped="0">
  <testcase classname="com.IPEX.testcasesForMailedCaseCreateCollectiveInvoice.AdminReportSendForMailedCase" name="adminSendInvoice" time="87.395"/>
  <system-out/>
</testsuite> <!-- com.IPEX.testcasesForMailedCaseCreateCollectiveInvoice.AdminReportSendForMailedCase -->
