<?xml version="1.0" encoding="UTF-8"?>
<!-- Generated by org.testng.reporters.JUnitReportReporter -->
<testsuite hostname="DESKTOP-MP46UDD" failures="0" tests="1" name="com.IPEX.testcasesForManualCaseCreateCollectiveInvoice.InspectorActionManualCase" time="107.799" errors="0" timestamp="2024-11-04T11:01:00 BDT" skipped="0">
  <testcase classname="com.IPEX.testcasesForManualCaseCreateCollectiveInvoice.InspectorActionManualCase" name="InspectorAction" time="107.799"/>
  <system-out/>
</testsuite> <!-- com.IPEX.testcasesForManualCaseCreateCollectiveInvoice.InspectorActionManualCase -->
