<?xml version="1.0" encoding="UTF-8"?>
<!-- Generated by org.testng.reporters.JUnitReportReporter -->
<testsuite hostname="DESKTOP-MP46UDD" failures="0" tests="2" name="com.IPEX.testcasesForUploadCaseCollectiveInvoice.CaseCenterCollectiveInvoiceCase" time="50.355" errors="0" timestamp="2024-11-04T15:10:39 BDT" skipped="0">
  <testcase classname="com.IPEX.testcasesForUploadCaseCollectiveInvoice.CaseCenterCollectiveInvoiceCase" name="createManualCase" time="34.051"/>
  <system-out/>
  <testcase classname="com.IPEX.testcasesForUploadCaseCollectiveInvoice.CaseCenterCollectiveInvoiceCase" name="AdminloginPerform" time="16.304"/>
  <system-out/>
</testsuite> <!-- com.IPEX.testcasesForUploadCaseCollectiveInvoice.CaseCenterCollectiveInvoiceCase -->
