<?xml version="1.0" encoding="UTF-8"?>
<!-- Generated by org.testng.reporters.JUnitReportReporter -->
<testsuite hostname="DESKTOP-MP46UDD" failures="0" tests="1" name="com.WMC.testcasesCalender.UpdateCalender" time="0.001" errors="0" timestamp="2024-06-13T01:35:00 BDT" skipped="1">
  <testcase classname="com.WMC.testcasesCalender.UpdateCalender" name="calenderUpdate" time="0.001">
    <skipped/>
  </testcase> <!-- calenderUpdate -->
  <system-out/>
</testsuite> <!-- com.WMC.testcasesCalender.UpdateCalender -->
