<?xml version="1.0" encoding="UTF-8"?>
<!-- Generated by org.testng.reporters.JUnitReportReporter -->
<testsuite hostname="DESKTOP-MP46UDD" failures="0" tests="2" name="com.IPEX.testcasesForUploadCaseCollectiveInvoice.CaseCenterCollectiveInvoiceCase" time="42.282" errors="0" timestamp="2024-10-07T11:01:30 BDT" skipped="0">
  <testcase classname="com.IPEX.testcasesForUploadCaseCollectiveInvoice.CaseCenterCollectiveInvoiceCase" name="createManualCase" time="27.915"/>
  <system-out/>
  <testcase classname="com.IPEX.testcasesForUploadCaseCollectiveInvoice.CaseCenterCollectiveInvoiceCase" name="AdminloginPerform" time="14.367"/>
  <system-out/>
</testsuite> <!-- com.IPEX.testcasesForUploadCaseCollectiveInvoice.CaseCenterCollectiveInvoiceCase -->
