<?xml version="1.0" encoding="UTF-8"?>
<!-- Generated by org.testng.reporters.JUnitReportReporter -->
<testsuite hostname="DESKTOP-MP46UDD" failures="0" tests="2" name="com.IPEX.testcasesFileConvert.CaseCenterFileConvert" time="67.718" errors="0" timestamp="2024-11-04T11:18:25 BDT" skipped="0">
  <testcase classname="com.IPEX.testcasesFileConvert.CaseCenterFileConvert" name="createManualCase" time="53.187"/>
  <system-out/>
  <testcase classname="com.IPEX.testcasesFileConvert.CaseCenterFileConvert" name="AdminloginPerform" time="14.531"/>
  <system-out/>
</testsuite> <!-- com.IPEX.testcasesFileConvert.CaseCenterFileConvert -->
