<?xml version="1.0" encoding="UTF-8"?>
<!-- Generated by org.testng.reporters.JUnitReportReporter -->
<testsuite hostname="DESKTOP-MP46UDD" failures="0" tests="2" name="com.IPEX.testcasesForUploadCaseCollectiveInvoice.CaseCenterCollectiveInvoiceCase" time="42.699" errors="0" timestamp="2024-10-08T09:53:44 BDT" skipped="0">
  <testcase classname="com.IPEX.testcasesForUploadCaseCollectiveInvoice.CaseCenterCollectiveInvoiceCase" name="createManualCase" time="28.255"/>
  <system-out/>
  <testcase classname="com.IPEX.testcasesForUploadCaseCollectiveInvoice.CaseCenterCollectiveInvoiceCase" name="AdminloginPerform" time="14.444"/>
  <system-out/>
</testsuite> <!-- com.IPEX.testcasesForUploadCaseCollectiveInvoice.CaseCenterCollectiveInvoiceCase -->
