<?xml version="1.0" encoding="UTF-8"?>
<!-- Generated by org.testng.reporters.JUnitReportReporter -->
<testsuite hostname="DESKTOP-MP46UDD" failures="0" tests="1" name="com.IPEX.testcasesForUploadCaseCollectiveInvoice.UploadAdminReportSend" time="90.386" errors="0" timestamp="2024-10-08T09:53:44 BDT" skipped="0">
  <testcase classname="com.IPEX.testcasesForUploadCaseCollectiveInvoice.UploadAdminReportSend" name="adminSendInvoice" time="90.386"/>
  <system-out/>
</testsuite> <!-- com.IPEX.testcasesForUploadCaseCollectiveInvoice.UploadAdminReportSend -->
