<?xml version="1.0" encoding="UTF-8"?>
<!-- Generated by org.testng.reporters.JUnitReportReporter -->
<testsuite hostname="DESKTOP-MP46UDD" failures="0" tests="1" name="com.IPEX.login.AdminLoginTest" time="10.670" errors="0" timestamp="2024-11-19T12:47:25 BDT" skipped="0">
  <testcase classname="com.IPEX.login.AdminLoginTest" name="AdminloginPerform" time="10.670"/>
  <system-out/>
</testsuite> <!-- com.IPEX.login.AdminLoginTest -->
