<?xml version="1.0" encoding="UTF-8"?>
<!-- Generated by org.testng.reporters.JUnitReportReporter -->
<testsuite hostname="DESKTOP-MP46UDD" failures="0" tests="1" name="com.IPEX.testcasesForManualCaseCreateSingleInvoice.AdminReportSend" time="54.445" errors="0" timestamp="2024-10-07T12:14:48 BDT" skipped="0">
  <testcase classname="com.IPEX.testcasesForManualCaseCreateSingleInvoice.AdminReportSend" name="adminSendInvoice" time="54.445"/>
  <system-out/>
</testsuite> <!-- com.IPEX.testcasesForManualCaseCreateSingleInvoice.AdminReportSend -->
