<?xml version="1.0" encoding="UTF-8"?>
<!-- Generated by org.testng.reporters.JUnitReportReporter -->
<testsuite hostname="DESKTOP-MP46UDD" failures="0" tests="1" name="com.IPEX.testcasesCaseCANCELLATION.ManualCase" time="0.013" errors="0" timestamp="2024-11-06T10:58:27 BDT" skipped="0">
  <testcase classname="com.IPEX.testcasesCaseCANCELLATION.ManualCase" name="createManualCase" time="0.013"/>
  <system-out/>
</testsuite> <!-- com.IPEX.testcasesCaseCANCELLATION.ManualCase -->
