<?xml version="1.0" encoding="UTF-8"?>
<!-- Generated by org.testng.reporters.JUnitReportReporter -->
<testsuite hostname="DESKTOP-MP46UDD" failures="0" tests="1" name="com.IPEX.login.AdminLoginTest" time="10.602" errors="0" timestamp="2024-10-07T20:31:11 BDT" skipped="0">
  <testcase classname="com.IPEX.login.AdminLoginTest" name="AdminloginPerform" time="10.602"/>
  <system-out/>
</testsuite> <!-- com.IPEX.login.AdminLoginTest -->
