<?xml version="1.0" encoding="UTF-8"?>
<!-- Generated by org.testng.reporters.JUnitReportReporter -->
<testsuite hostname="DESKTOP-MP46UDD" failures="0" tests="1" name="com.IPEX.testcasesForMailedCaseCreateCollectiveInvoice.MailedCaseCI" time="83.386" errors="0" timestamp="2024-10-08T10:06:22 BDT" skipped="0">
  <testcase classname="com.IPEX.testcasesForMailedCaseCreateCollectiveInvoice.MailedCaseCI" name="createManualCase" time="83.386"/>
  <system-out/>
</testsuite> <!-- com.IPEX.testcasesForMailedCaseCreateCollectiveInvoice.MailedCaseCI -->
