<?xml version="1.0" encoding="UTF-8"?>
<!-- Generated by org.testng.reporters.JUnitReportReporter -->
<testsuite hostname="DESKTOP-MP46UDD" failures="0" tests="1" name="com.IPEX.testcasesForMailedCaseCreateSingleInvoice.InspectorActionMailedCase" time="122.678" errors="0" timestamp="2024-11-04T15:00:02 BDT" skipped="0">
  <testcase classname="com.IPEX.testcasesForMailedCaseCreateSingleInvoice.InspectorActionMailedCase" name="InspectorAction" time="122.678"/>
  <system-out/>
</testsuite> <!-- com.IPEX.testcasesForMailedCaseCreateSingleInvoice.InspectorActionMailedCase -->
