<?xml version="1.0" encoding="UTF-8"?>
<!-- Generated by org.testng.reporters.JUnitReportReporter -->
<testsuite hostname="DESKTOP-MP46UDD" failures="0" tests="1" name="com.IPEX.testcasesForMailedCaseCreateSingleInvoice.InspectorActionMailedCase" time="104.571" errors="0" timestamp="2024-10-07T12:10:16 BDT" skipped="0">
  <testcase classname="com.IPEX.testcasesForMailedCaseCreateSingleInvoice.InspectorActionMailedCase" name="InspectorAction" time="104.571"/>
  <system-out/>
</testsuite> <!-- com.IPEX.testcasesForMailedCaseCreateSingleInvoice.InspectorActionMailedCase -->
