<?xml version="1.0" encoding="UTF-8"?>
<!-- Generated by org.testng.reporters.JUnitReportReporter -->
<testsuite hostname="DESKTOP-MP46UDD" failures="0" tests="2" name="com.IPEX.testcasesForUploadCaseSingleInvoice.CaseCenterSingleInvoiceCase" time="46.954" errors="0" timestamp="2024-11-04T14:53:07 BDT" skipped="0">
  <testcase classname="com.IPEX.testcasesForUploadCaseSingleInvoice.CaseCenterSingleInvoiceCase" name="createManualCase" time="31.212"/>
  <system-out/>
  <testcase classname="com.IPEX.testcasesForUploadCaseSingleInvoice.CaseCenterSingleInvoiceCase" name="AdminloginPerform" time="15.742"/>
  <system-out/>
</testsuite> <!-- com.IPEX.testcasesForUploadCaseSingleInvoice.CaseCenterSingleInvoiceCase -->
