<?xml version="1.0" encoding="UTF-8"?>
<!-- Generated by org.testng.reporters.JUnitReportReporter -->
<testsuite hostname="DESKTOP-MP46UDD" failures="0" tests="1" name="com.IPEX.login.LoginTest" time="6.494" errors="0" timestamp="2024-07-09T10:17:50 BDT" skipped="0">
  <testcase classname="com.IPEX.login.LoginTest" name="login" time="6.494"/>
  <system-out/>
</testsuite> <!-- com.IPEX.login.LoginTest -->
