<?xml version="1.0" encoding="UTF-8"?>
<!-- Generated by org.testng.reporters.JUnitReportReporter -->
<testsuite hostname="DESKTOP-MP46UDD" failures="0" tests="1" name="com.IPEX.testcasesForUploadCaseCollectiveInvoice.UploadAdminReportSend" time="108.354" errors="0" timestamp="2024-11-04T15:10:39 BDT" skipped="0">
  <testcase classname="com.IPEX.testcasesForUploadCaseCollectiveInvoice.UploadAdminReportSend" name="adminSendInvoice" time="108.354"/>
  <system-out/>
</testsuite> <!-- com.IPEX.testcasesForUploadCaseCollectiveInvoice.UploadAdminReportSend -->
