<?xml version="1.0" encoding="UTF-8"?>
<!-- Generated by org.testng.reporters.JUnitReportReporter -->
<testsuite hostname="DESKTOP-MP46UDD" failures="0" tests="1" name="com.IPEX.testcasesForUploadCaseSingleInvoice.UploadCaseCreate" time="72.916" errors="0" timestamp="2024-10-08T10:00:33 BDT" skipped="0">
  <testcase classname="com.IPEX.testcasesForUploadCaseSingleInvoice.UploadCaseCreate" name="createManualCase" time="72.916"/>
  <system-out/>
</testsuite> <!-- com.IPEX.testcasesForUploadCaseSingleInvoice.UploadCaseCreate -->
