<?xml version="1.0" encoding="UTF-8"?>
<!-- Generated by org.testng.reporters.JUnitReportReporter -->
<testsuite hostname="DESKTOP-MP46UDD" failures="0" tests="1" name="com.IPEX.testcasesForMailedCaseCreateSingleInvoice.ManualCase" time="151.927" errors="0" timestamp="2024-09-19T09:43:59 BDT" skipped="0">
  <testcase classname="com.IPEX.testcasesForMailedCaseCreateSingleInvoice.ManualCase" name="createManualCase" time="151.927"/>
  <system-out/>
</testsuite> <!-- com.IPEX.testcasesForMailedCaseCreateSingleInvoice.ManualCase -->
