<?xml version="1.0" encoding="UTF-8"?>
<!-- Generated by org.testng.reporters.JUnitReportReporter -->
<testsuite hostname="DESKTOP-MP46UDD" failures="0" tests="1" name="com.IPEX.testcasesForManualCaseCreateSingleInvoice.AdminReportSend" time="55.526" errors="0" timestamp="2024-10-08T10:10:42 BDT" skipped="0">
  <testcase classname="com.IPEX.testcasesForManualCaseCreateSingleInvoice.AdminReportSend" name="adminSendInvoice" time="55.526"/>
  <system-out/>
</testsuite> <!-- com.IPEX.testcasesForManualCaseCreateSingleInvoice.AdminReportSend -->
