<?xml version="1.0" encoding="UTF-8"?>
<!-- Generated by org.testng.reporters.JUnitReportReporter -->
<testsuite hostname="DESKTOP-MP46UDD" failures="0" tests="1" name="com.IPEX.login.CaseCenterLoginTest" time="15.870" errors="0" timestamp="2024-10-08T10:00:33 BDT" skipped="0">
  <testcase classname="com.IPEX.login.CaseCenterLoginTest" name="AdminloginPerform" time="15.870"/>
  <system-out/>
</testsuite> <!-- com.IPEX.login.CaseCenterLoginTest -->
