<?xml version="1.0" encoding="UTF-8"?>
<!-- Generated by org.testng.reporters.JUnitReportReporter -->
<testsuite hostname="DESKTOP-MP46UDD" failures="0" tests="1" name="com.IPEX.login.CaseCenterLoginTest" time="16.595" errors="0" timestamp="2024-11-06T11:19:33 BDT" skipped="0">
  <testcase classname="com.IPEX.login.CaseCenterLoginTest" name="AdminloginPerform" time="16.595"/>
  <system-out/>
</testsuite> <!-- com.IPEX.login.CaseCenterLoginTest -->
