<?xml version="1.0" encoding="UTF-8"?>
<!-- Generated by org.testng.reporters.JUnitReportReporter -->
<testsuite hostname="DESKTOP-MP46UDD" failures="0" tests="2" name="com.IPEX.testcasesForUploadCaseSingleInvoice.CaseCenterSingleInvoiceCase" time="42.047" errors="0" timestamp="2024-10-07T11:48:07 BDT" skipped="0">
  <testcase classname="com.IPEX.testcasesForUploadCaseSingleInvoice.CaseCenterSingleInvoiceCase" name="createManualCase" time="27.848"/>
  <system-out/>
  <testcase classname="com.IPEX.testcasesForUploadCaseSingleInvoice.CaseCenterSingleInvoiceCase" name="AdminloginPerform" time="14.199"/>
  <system-out/>
</testsuite> <!-- com.IPEX.testcasesForUploadCaseSingleInvoice.CaseCenterSingleInvoiceCase -->
