<?xml version="1.0" encoding="UTF-8"?>
<!-- Generated by org.testng.reporters.JUnitReportReporter -->
<testsuite hostname="DESKTOP-MP46UDD" failures="0" tests="1" name="com.IPEX.testcasesForCaseCreate.ManualCase" time="64.339" errors="0" timestamp="2024-09-16T09:08:41 BDT" skipped="0">
  <testcase classname="com.IPEX.testcasesForCaseCreate.ManualCase" name="createManualCase" time="64.339"/>
  <system-out/>
</testsuite> <!-- com.IPEX.testcasesForCaseCreate.ManualCase -->
