<?xml version="1.0" encoding="UTF-8"?>
<!-- Generated by org.testng.reporters.JUnitReportReporter -->
<testsuite hostname="DESKTOP-MP46UDD" failures="0" tests="1" name="com.IPEX.testcasesFileConvert.ManualCaseFileConvert" time="84.907" errors="0" timestamp="2024-11-02T13:14:40 BDT" skipped="0">
  <testcase classname="com.IPEX.testcasesFileConvert.ManualCaseFileConvert" name="createManualCase" time="84.907"/>
  <system-out/>
</testsuite> <!-- com.IPEX.testcasesFileConvert.ManualCaseFileConvert -->
