<?xml version="1.0" encoding="UTF-8"?>
<!-- Generated by org.testng.reporters.JUnitReportReporter -->
<testsuite hostname="DESKTOP-MP46UDD" failures="0" tests="1" name="com.IPEX.testcasesForManualCaseCreateSingleInvoice.ManualCase" time="60.296" errors="0" timestamp="2024-11-04T00:24:10 BDT" skipped="0">
  <testcase classname="com.IPEX.testcasesForManualCaseCreateSingleInvoice.ManualCase" name="createManualCase" time="60.296"/>
  <system-out/>
</testsuite> <!-- com.IPEX.testcasesForManualCaseCreateSingleInvoice.ManualCase -->
