<?xml version="1.0" encoding="UTF-8"?>
<!-- Generated by org.testng.reporters.JUnitReportReporter -->
<testsuite hostname="DESKTOP-MP46UDD" failures="0" tests="1" name="com.IPEX.testcasesForUploadCaseCollectiveInvoice.UploadInspectorAction" time="106.254" errors="0" timestamp="2024-10-07T11:01:30 BDT" skipped="0">
  <testcase classname="com.IPEX.testcasesForUploadCaseCollectiveInvoice.UploadInspectorAction" name="InspectorAction" time="106.254"/>
  <system-out/>
</testsuite> <!-- com.IPEX.testcasesForUploadCaseCollectiveInvoice.UploadInspectorAction -->
