<?xml version="1.0" encoding="UTF-8"?>
<!-- Generated by org.testng.reporters.JUnitReportReporter -->
<testsuite hostname="DESKTOP-MP46UDD" failures="0" tests="1" name="com.IPEX.testcasesForUploadCaseCollectiveInvoice.copy.UploadCaseCreate" time="0.029" errors="0" timestamp="2024-10-06T17:06:00 BDT" skipped="0">
  <testcase classname="com.IPEX.testcasesForUploadCaseCollectiveInvoice.copy.UploadCaseCreate" name="createManualCase" time="0.029"/>
  <system-out/>
</testsuite> <!-- com.IPEX.testcasesForUploadCaseCollectiveInvoice.copy.UploadCaseCreate -->
