<?xml version="1.0" encoding="UTF-8"?>
<!-- Generated by org.testng.reporters.JUnitReportReporter -->
<testsuite hostname="DESKTOP-MP46UDD" failures="0" tests="1" name="com.IPEX.testcasesForManualCaseCreateCollectiveInvoice.AdminReportSend" time="94.596" errors="0" timestamp="2024-11-04T11:01:00 BDT" skipped="0">
  <testcase classname="com.IPEX.testcasesForManualCaseCreateCollectiveInvoice.AdminReportSend" name="adminSendInvoice" time="94.596"/>
  <system-out/>
</testsuite> <!-- com.IPEX.testcasesForManualCaseCreateCollectiveInvoice.AdminReportSend -->
