<?xml version="1.0" encoding="UTF-8"?>
<!-- Generated by org.testng.reporters.JUnitReportReporter -->
<testsuite hostname="DESKTOP-MP46UDD" failures="0" tests="1" name="com.IPEX.testcasesForMailedCaseCreateSingleInvoice.MailedCase" time="101.709" errors="0" timestamp="2024-11-04T15:00:02 BDT" skipped="0">
  <testcase classname="com.IPEX.testcasesForMailedCaseCreateSingleInvoice.MailedCase" name="createManualCase" time="101.709"/>
  <system-out/>
</testsuite> <!-- com.IPEX.testcasesForMailedCaseCreateSingleInvoice.MailedCase -->
