<?xml version="1.0" encoding="UTF-8"?>
<!-- Generated by org.testng.reporters.JUnitReportReporter -->
<testsuite hostname="DESKTOP-MP46UDD" failures="0" tests="1" name="com.IPEX.testcasesForMailedCaseCreateSingleInvoice.AdminReportSendForMailedCase" time="57.828" errors="0" timestamp="2024-10-07T12:10:16 BDT" skipped="0">
  <testcase classname="com.IPEX.testcasesForMailedCaseCreateSingleInvoice.AdminReportSendForMailedCase" name="adminSendInvoice" time="57.828"/>
  <system-out/>
</testsuite> <!-- com.IPEX.testcasesForMailedCaseCreateSingleInvoice.AdminReportSendForMailedCase -->
