<?xml version="1.0" encoding="UTF-8"?>
<!-- Generated by org.testng.reporters.JUnitReportReporter -->
<testsuite hostname="DESKTOP-MP46UDD" failures="0" tests="1" name="com.IPEX.testcasesForUploadCaseSingleInvoice.UploadInspectorAction" time="0.016" errors="0" timestamp="2024-10-07T21:55:23 BDT" skipped="0">
  <testcase classname="com.IPEX.testcasesForUploadCaseSingleInvoice.UploadInspectorAction" name="InspectorAction" time="0.016"/>
  <system-out/>
</testsuite> <!-- com.IPEX.testcasesForUploadCaseSingleInvoice.UploadInspectorAction -->
