<?xml version="1.0" encoding="UTF-8"?>
<!-- Generated by org.testng.reporters.JUnitReportReporter -->
<testsuite hostname="DESKTOP-MP46UDD" failures="0" tests="1" name="com.IPEX.testcasesForManualCaseCreateCollectiveInvoice.InspectorActionManualCase" time="0.015" errors="0" timestamp="2024-11-25T19:24:55 BDT" skipped="0">
  <testcase classname="com.IPEX.testcasesForManualCaseCreateCollectiveInvoice.InspectorActionManualCase" name="InspectorAction" time="0.015"/>
  <system-out/>
</testsuite> <!-- com.IPEX.testcasesForManualCaseCreateCollectiveInvoice.InspectorActionManualCase -->
