<?xml version="1.0" encoding="UTF-8"?>
<!-- Generated by org.testng.reporters.JUnitReportReporter -->
<testsuite hostname="DESKTOP-MP46UDD" failures="0" tests="1" name="com.IPEX.testcasesForUploadCaseSingleInvoice.UploadInspectorAction" time="0.010" errors="0" timestamp="2024-11-18T21:16:15 BDT" skipped="0">
  <testcase classname="com.IPEX.testcasesForUploadCaseSingleInvoice.UploadInspectorAction" name="InspectorAction" time="0.010"/>
  <system-out/>
</testsuite> <!-- com.IPEX.testcasesForUploadCaseSingleInvoice.UploadInspectorAction -->
